exerciseCode: 1
evidence: [0, 0, 0.0]
evidenceNode: Trigonometric_function Spatial_imagination wrong 
[ 0.0 0.06130550049985654 0.0 
0.0 0.0 0.0 
0.0 0.0 0.0 
 ]
exerciseCode: 3
evidence: [0, 1, 1, 0.0]
evidenceNode: Plane_vector Reasoning_and_demonstration Calculation wrong 
[ 0.0 0.0 0.4263142819499702 0.0 
0.0 0.0 0.360430382883318 0.0 
0.0 0.0 0.0 0.0 
0.0 0.0 0.0 0.0 
 ]
exerciseCode: 8
evidence: [0, 0, 0, 0.0]
evidenceNode: Trigonometric_function Spatial_imagination Calculation wrong 
[ 0.0 0.20459174997383064 0.0 0.0 
0.0 0.0 0.0 0.0 
0.0 0.0 0.0 0.0 
0.0 0.0 0.0 0.0 
 ]
exerciseCode: 12
evidence: [0, 0, 0.0]
evidenceNode: Trigonometric_function Calculation wrong 
[ 0.0 0.10985537383752624 0.0 
0.0 0.0 0.0 
0.0 0.0 0.0 
 ]
exerciseCode: 13
evidence: [0, 1, 0, 0.0]
evidenceNode: Plane_vector Reasoning_and_demonstration Calculation wrong 
[ 0.0 0.0 0.32975362300603966 0.0 
0.0 0.0 0.3243110319470882 0.0 
0.0 0.0 0.0 0.0 
0.0 0.0 0.0 0.0 
 ]
exerciseCode: 14
evidence: [0, 0, 0, 0, 0, 0, 0.0]
evidenceNode: Property_of_function Image_of_function Spatial_imagination Abstract_summarization Reasoning_and_demonstration Calculation wrong 
[ 0.0 0.0 0.0 0.0 0.3164670652492872 0.0 0.0 
0.0 0.0 0.0 0.0 0.3725089227812688 0.0 0.0 
0.0 0.0 0.0 0.0 0.3074519857233185 0.0 0.0 
0.0 0.0 0.0 0.0 0.0 0.0 0.3952025509853642 
0.0 0.0 0.0 0.0 0.0 0.26703649183250033 0.0 
0.0 0.0 0.0 0.0 0.0 0.0 0.4203039096547285 0.0 0.0 0.0 0.0 0.0 0.0 0.0 
 ]
