exerciseCode: 1
evidence: [0, 0, 0.0]
evidenceNode: Trigonometric_function Spatial_imagination wrong 
[ 0.0 0.04863858317750606 0.0 
0.0 0.0 0.0 
0.0 0.0 0.0 
 ]
exerciseCode: 4
evidence: [0, 0, 0.0]
evidenceNode: Property_of_function Spatial_imagination wrong 
[ 0.0 0.0 0.0 
0.0 0.0 0.0 
0.0 0.0 0.0 
 ]
exerciseCode: 5
evidence: [1, 1, 1, 0.0]
evidenceNode: Image_of_function Spatial_imagination Reasoning_and_demonstration wrong 
[ 0.0 0.0 0.0 0.35344396277413787 
0.0 0.0 0.10207440111998264 0.0 
0.0 0.0 0.0 0.34973044879078047 
0.0 0.0 0.0 0.0 
 ]
exerciseCode: 6
evidence: [1, 1, 1, 0.0]
evidenceNode: Property_of_function Abstract_summarization Calculation wrong 
[ 0.0 0.0 0.0 0.34125731528687325 
0.0 0.0 0.0 0.28296333798154505 
0.0 0.0 0.0 0.3088506873680342 
0.0 0.0 0.0 0.0 
 ]
exerciseCode: 8
evidence: [0, 0, 1, 0.0]
evidenceNode: Trigonometric_function Spatial_imagination Calculation wrong 
[ 0.0 0.19952494365812123 0.0 0.0 
0.0 0.0 0.0 0.0 
0.0 0.0 0.0 0.0 
0.0 0.0 0.0 0.0 
 ]
exerciseCode: 9
evidence: [0, 0, 0, 0, 0, 0, 0, 0.0]
evidenceNode: Set Trigonometric_function Property_of_function Image_of_function Spatial_imagination Reasoning_and_demonstration Calculation wrong 
[ 0.0 0.0 0.266 0.14400000000000002 0.0 0.0 0.0 0.0 
0.0 0.0 0.0 0.0 0.0 0.3763855730325568 0.0 0.0 
0.0 0.0 0.0 0.0 0.0 0.3802115337064909 0.0 0.0 
0.0 0.0 0.0 0.0 0.0 0.33995437297627606 0.0 0.0 
0.0 0.0 0.0 0.0 0.0 0.0 0.0 0.282487786963314 
0.0 0.0 0.0 0.0 0.0 0.0 0.23846855645953155 0.0 
0.0 0.0 0.0 0.0 0.0 0.0 0.0 0.4452588230538649 
0.0 0.0 0.0 0.0 0.0 0.0 0.0 0.0 
 ]
exerciseCode: 10
evidence: [0, 0, 0.0]
evidenceNode: Logarithm_versus_exponential Calculation wrong 
[ 0.0 0.15800317691721055 0.0 
0.0 0.0 0.0 
0.0 0.0 0.0 
 ]
exerciseCode: 11
evidence: [0, 0, 1, 0.0]
evidenceNode: Property_of_function Spatial_imagination Calculation wrong 
[ 0.0 0.0 0.0 0.0 
0.0 0.0 0.0 0.0 
0.0 0.0 0.0 0.0 
0.0 0.0 0.0 0.0 
 ]
exerciseCode: 12
evidence: [0, 0, 0.0]
evidenceNode: Trigonometric_function Calculation wrong 
[ 0.0 0.18216731961149069 0.0 
0.0 0.0 0.0 
0.0 0.0 0.0 
 ]
exerciseCode: 13
evidence: [1, 1, 1, 0.0]
evidenceNode: Plane_vector Reasoning_and_demonstration Calculation wrong 
[ 0.0 0.0 0.2632799676210337 0.0 
0.0 0.0 0.33273360960759135 0.0 
0.0 0.0 0.0 0.0 
0.0 0.0 0.0 0.0 
 ]
exerciseCode: 14
evidence: [0, 0, 0, 0, 0, 0, 0.0]
evidenceNode: Property_of_function Image_of_function Spatial_imagination Abstract_summarization Reasoning_and_demonstration Calculation wrong 
[ 0.0 0.0 0.0 0.0 0.42945834104033265 0.0 0.0 
0.0 0.0 0.0 0.0 0.39573020867715636 0.0 0.0 
0.0 0.0 0.0 0.0 0.35456465308391866 0.0 0.0 
0.0 0.0 0.0 0.0 0.0 0.0 0.3827096617301525 
0.0 0.0 0.0 0.0 0.0 0.29750423308676477 0.0 
0.0 0.0 0.0 0.0 0.0 0.0 0.4605696548101273 
0.0 0.0 0.0 0.0 0.0 0.0 0.0 
 ]
