[ 0.0 0.025825285249840506 0.0 
0.0 0.0 0.0 
0.0 0.0 0.0 
 ]
[ 0.0 0.0 0.3747583072817291 0.0 
0.0 0.0 0.32521643340320044 0.0 
0.0 0.0 0.0 0.0 
0.0 0.0 0.0 0.0 
 ]
[ 0.0 0.0 0.0 
0.0 0.0 0.0 
0.0 0.0 0.0 
 ]
[ 0.0 0.0 0.0 0.34024776714777455 
0.0 0.0 0.10010326276073808 0.0 
0.0 0.0 0.0 0.3165600303736923 
0.0 0.0 0.0 0.0 
 ]
[ 0.0 0.0 0.2940680550981669 0.0 
0.0 0.0 0.3114872472807012 0.0 
0.0 0.0 0.0 0.0 
0.0 0.0 0.0 0.0 
 ]
[ 0.0 0.21497988723183817 0.0 0.0 
0.0 0.0 0.0 0.0 
0.0 0.0 0.0 0.0 
0.0 0.0 0.0 0.0 
 ]
[ 0.0 0.11334069840289256 0.0 
0.0 0.0 0.0 
0.0 0.0 0.0 
 ]
[ 0.0 0.114487143706544 0.0 
0.0 0.0 0.0 
0.0 0.0 0.0 
 ]
[ 0.0 0.0 0.2569677564727656 0.0 
0.0 0.0 0.2855989102608608 0.0 
0.0 0.0 0.0 0.0 
0.0 0.0 0.0 0.0 
 ]
[ 0.0 0.0 0.0 0.0 0.2989453168019067 0.0 0.0 
0.0 0.0 0.0 0.0 0.33875195782009865 0.0 0.0 
0.0 0.0 0.0 0.0 0.30806949821156626 0.0 0.0 
0.0 0.0 0.0 0.0 0.0 0.0 0.3764861799055374 
0.0 0.0 0.0 0.0 0.0 0.235800405524684 0.0 
0.0 0.0 0.0 0.0 0.0 0.0 0.3838308050380304 
0.0 0.0 0.0 0.0 0.0 0.0 0.0 
 ]
