exerciseCode: 3
evidence: [1, 1, 1, 0.0]
evidenceNode: Plane_vector Reasoning_and_demonstration Calculation wrong 
[ 0.0 0.0 0.32051847937308964 0.0 
0.0 0.0 0.2982031988736408 0.0 
0.0 0.0 0.0 0.0 
0.0 0.0 0.0 0.0 
 ]
exerciseCode: 4
evidence: [0, 0, 0.0]
evidenceNode: Property_of_function Spatial_imagination wrong 
[ 0.0 0.0 0.0 
0.0 0.0 0.0 
0.0 0.0 0.0 
 ]
exerciseCode: 5
evidence: [0, 0, 1, 0.0]
evidenceNode: Image_of_function Spatial_imagination Reasoning_and_demonstration wrong 
[ 0.0 0.0 0.0 0.34995284517990655 
0.0 0.0 0.10836469637256288 0.0 
0.0 0.0 0.0 0.49809259944521866 
0.0 0.0 0.0 0.0 
 ]
exerciseCode: 9
evidence: [0, 0, 1, 0, 1, 0, 0, 0.0]
evidenceNode: Set Trigonometric_function Property_of_function Image_of_function Spatial_imagination Reasoning_and_demonstration Calculation wrong 
[ 0.0 0.0 0.2219978883380104 0.09199550603648238 0.0 0.0 0.0 0.0 
0.0 0.0 0.0 0.0 0.0 0.24996473071272693 0.0 0.0 
0.0 0.0 0.0 0.0 0.0 0.2861480807950641 0.0 0.0 
0.0 0.0 0.0 0.0 0.0 0.22876112660071712 0.0 0.0 
0.0 0.0 0.0 0.0 0.0 0.0 0.0 0.22697287069359878 0.0 0.0 0.0 0.0 0.0 0.0 0.10755600171286142 0.0 
0.0 0.0 0.0 0.0 0.0 0.0 0.0 0.29591060726305457 
0.0 0.0 0.0 0.0 0.0 0.0 0.0 0.0 
 ]
exerciseCode: 14
evidence: [0, 0, 0, 0, 0, 0, 0.0]
evidenceNode: Property_of_function Image_of_function Spatial_imagination Abstract_summarization Reasoning_and_demonstration Calculation wrong 
[ 0.0 0.0 0.0 0.0 0.29077341777250415 0.0 0.0 
0.0 0.0 0.0 0.0 0.3143125104160447 0.0 0.0 
0.0 0.0 0.0 0.0 0.2485398503984275 0.0 0.0 
0.0 0.0 0.0 0.0 0.0 0.0 0.37118030883877223 
0.0 0.0 0.0 0.0 0.0 0.25877294112220534 0.0 0.0 0.0 0.0 0.0 0.0 0.0 0.45303374767737187 
0.0 0.0 0.0 0.0 0.0 0.0 0.0 
 ]
