[ 0.0 0.06155352022733506 0.0 
0.0 0.0 0.0 
0.0 0.0 0.0 
 ]
[ 0.0 0.06237248071929441 0.0 
0.0 0.0 0.0 
0.0 0.0 0.0 
 ]
[ 0.0 0.0 0.0 
0.0 0.0 0.0 
0.0 0.0 0.0 
 ]
[ 0.0 0.0 0.25076936836295943 0.0 
0.0 0.0 0.2927660209386337 0.0 
0.0 0.0 0.0 0.0 
0.0 0.0 0.0 0.0 
 ]
[ 0.0 0.05527220603201713 0.0 0.0 
0.0 0.0 0.0 0.0 
0.0 0.0 0.0 0.0 
0.0 0.0 0.0 0.0 
 ]
[ 0.0 0.08268466547346935 0.0 
0.0 0.0 0.0 
0.0 0.0 0.0 
 ]
[ 0.0 0.10841544231850664 0.0 
0.0 0.0 0.0 
0.0 0.0 0.0 
 ]
[ 0.0 0.0 0.22142425609858224 0.0 
0.0 0.0 0.3834673667438359 0.0 
0.0 0.0 0.0 0.0 
0.0 0.0 0.0 0.0 
 ]
[ 0.0 0.0 0.0 0.0 0.34408739486491485 0.0 0.0 
0.0 0.0 0.0 0.0 0.30193468979712207 0.0 0.0 
0.0 0.0 0.0 0.0 0.25021827914648936 0.0 0.0 
0.0 0.0 0.0 0.0 0.0 0.0 0.30480021484493997 
0.0 0.0 0.0 0.0 0.0 0.2399038045056039 0.0 
0.0 0.0 0.0 0.0 0.0 0.0 0.35478019293367347 
0.0 0.0 0.0 0.0 0.0 0.0 0.0 
 ]
