exerciseCode: 0
evidence: [1, 1, 1, 0, 0.0]
evidenceNode: Set Inequality Reasoning_and_demonstration Calculation wrong 
exerciseCode: 1
evidence: [0, 0, 0.0]
evidenceNode: Trigonometric_function Spatial_imagination wrong 
exerciseCode: 2
evidence: [1, 0, 0.0]
evidenceNode: Trigonometric_function Calculation wrong 
exerciseCode: 4
evidence: [1, 0, 0.0]
evidenceNode: Property_of_function Spatial_imagination wrong 
exerciseCode: 7
evidence: [1, 1, 0, 0.0]
evidenceNode: Plane_vector Reasoning_and_demonstration Calculation wrong 
exerciseCode: 8
evidence: [0, 1, 0, 0.0]
evidenceNode: Trigonometric_function Spatial_imagination Calculation wrong 
exerciseCode: 9
evidence: [0, 0, 1, 0, 1, 1, 1, 0.0]
evidenceNode: Set Trigonometric_function Property_of_function Image_of_function Spatial_imagination Reasoning_and_demonstration Calculation wrong 
exerciseCode: 10
evidence: [0, 0, 0.0]
evidenceNode: Logarithm_versus_exponential Calculation wrong 
