[ 0.0 0.0 0.0 0.0 0.0 
0.0 0.0 0.0 0.0 0.0 
0.0 0.0 0.0 0.34655894930078435 0.0 
0.0 0.0 0.0 0.0 0.0 
0.0 0.0 0.0 0.0 0.0 
 ]
[ 0.0 0.05128418588972243 0.0 
0.0 0.0 0.0 
0.0 0.0 0.0 
 ]
[ 0.0 0.06399723134848359 0.0 
0.0 0.0 0.0 
0.0 0.0 0.0 
 ]
[ 0.0 0.0 0.0 
0.0 0.0 0.0 
0.0 0.0 0.0 
 ]
[ 0.0 0.0 0.26430774966480364 0.0 
0.0 0.0 0.29380899515443937 0.0 
0.0 0.0 0.0 0.0 
0.0 0.0 0.0 0.0 
 ]
[ 0.0 0.07514858235333217 0.0 0.0 
0.0 0.0 0.0 0.0 
0.0 0.0 0.0 0.0 
0.0 0.0 0.0 0.0 
 ]
[ 0.0 0.0 0.218 0.09000000000000001 0.0 0.0 0.0 0.0 
0.0 0.0 0.0 0.0 0.0 0.25248228094704267 0.0 0.0 
0.0 0.0 0.0 0.0 0.0 0.30302295331028856 0.0 0.0 
0.0 0.0 0.0 0.0 0.0 0.25973997390868897 0.0 0.0 
0.0 0.0 0.0 0.0 0.0 0.0 0.0 0.2692911384399206 
0.0 0.0 0.0 0.0 0.0 0.0 0.12187963813029237 0.0 
0.0 0.0 0.0 0.0 0.0 0.0 0.0 0.29725765050165454 
0.0 0.0 0.0 0.0 0.0 0.0 0.0 0.0 
 ]
[ 0.0 0.1408791216692311 0.0 
0.0 0.0 0.0 
0.0 0.0 0.0 
 ]
