[ 0.0 0.025755857987608967 0.0 
0.0 0.0 0.0 
0.0 0.0 0.0 
 ]
[ 0.0 0.06844074717933067 0.0 0.0 
0.0 0.0 0.0 0.0 
0.0 0.0 0.0 0.0 
0.0 0.0 0.0 0.0 
 ]
[ 0.0 0.0 0.06000000000000001 0.08000000000000002 0.0 0.0 0.0 0.0 
0.0 0.0 0.0 0.0 0.0 0.3262570578298737 0.0 0.0 
0.0 0.0 0.0 0.0 0.0 0.4279726122391365 0.0 0.0 
0.0 0.0 0.0 0.0 0.0 0.4441011013616485 0.0 0.0 
0.0 0.0 0.0 0.0 0.0 0.0 0.0 0.21445010825337874 
0.0 0.0 0.0 0.0 0.0 0.0 0.09838812386226044 0.0 
0.0 0.0 0.0 0.0 0.0 0.0 0.0 0.24595679336977125 0.0 0.0 0.0 0.0 0.0 0.0 0.0 0.0 
 ]
[ 0.0 0.08501297409451371 0.0 
0.0 0.0 0.0 
0.0 0.0 0.0 
 ]
[ 0.0 0.1111512066508635 0.0 
0.0 0.0 0.0 
0.0 0.0 0.0 
 ]
[ 0.0 0.0 0.21207012766077435 0.0 
0.0 0.0 0.24141273921704665 0.0 
0.0 0.0 0.0 0.0 
0.0 0.0 0.0 0.0 
 ]
[ 0.0 0.0 0.0 0.0 0.3524632169806763 0.0 0.0 
0.0 0.0 0.0 0.0 0.36082837257273903 0.0 0.0 
0.0 0.0 0.0 0.0 0.2864443541732946 0.0 0.0 
0.0 0.0 0.0 0.0 0.0 0.0 0.3101005167471716 
0.0 0.0 0.0 0.0 0.0 0.23505477917298725 0.0 
0.0 0.0 0.0 0.0 0.0 0.0 0.3431593330358227 
0.0 0.0 0.0 0.0 0.0 0.0 0.0  ]
